[Wed 04/22/2026 11:45:02.50] Starting update 
正在獲取新北市所有公托清單...
====================================
開始處理中心: Z0130
   啟動 Playwright 爬取 Z0130 網頁動態資料...
   ✅ 成功爬取 Z0130 網頁資料！
====================================
開始處理中心: Z0096
   啟動 Playwright 爬取 Z0096 網頁動態資料...
   ✅ 成功爬取 Z0096 網頁資料！
====================================
開始處理中心: Z0116
   啟動 Playwright 爬取 Z0116 網頁動態資料...
   ✅ 成功爬取 Z0116 網頁資料！
====================================
資料抓取完畢，開始產生 HTML 儀表板...
儀表板更新成功！
        1 file(s) copied.
[Wed 04/22/2026 11:45:29.13] Synced index.html to "Z:\childcare\index.html" 

[Wed 04/22/2026 11:45:49.72] Finished with exit code 0 
