[Tue 04/21/2026 17:22:48.06] Starting update 
Traceback (most recent call last):
  File "C:\Users\JerryPC\AppData\Local\Programs\Python\Python314\Lib\urllib\request.py", line 1321, in do_open
    h.request(req.get_method(), req.selector, req.data, headers,
    ~~~~~~~~~^^^^^^^^^^^^^^^^^^^^^^^^^^^^^^^^^^^^^^^^^^^^^^^^^^^
              encode_chunked=req.has_header('Transfer-encoding'))
              ^^^^^^^^^^^^^^^^^^^^^^^^^^^^^^^^^^^^^^^^^^^^^^^^^^^
  File "C:\Users\JerryPC\AppData\Local\Programs\Python\Python314\Lib\http\client.py", line 1358, in request
    self._send_request(method, url, body, headers, encode_chunked)
    ~~~~~~~~~~~~~~~~~~^^^^^^^^^^^^^^^^^^^^^^^^^^^^^^^^^^^^^^^^^^^^
  File "C:\Users\JerryPC\AppData\Local\Programs\Python\Python314\Lib\http\client.py", line 1404, in _send_request
    self.endheaders(body, encode_chunked=encode_chunked)
    ~~~~~~~~~~~~~~~^^^^^^^^^^^^^^^^^^^^^^^^^^^^^^^^^^^^^
  File "C:\Users\JerryPC\AppData\Local\Programs\Python\Python314\Lib\http\client.py", line 1353, in endheaders
    self._send_output(message_body, encode_chunked=encode_chunked)
    ~~~~~~~~~~~~~~~~~^^^^^^^^^^^^^^^^^^^^^^^^^^^^^^^^^^^^^^^^^^^^^
  File "C:\Users\JerryPC\AppData\Local\Programs\Python\Python314\Lib\http\client.py", line 1113, in _send_output
    self.send(msg)
    ~~~~~~~~~^^^^^
  File "C:\Users\JerryPC\AppData\Local\Programs\Python\Python314\Lib\http\client.py", line 1057, in send
    self.connect()
    ~~~~~~~~~~~~^^
  File "C:\Users\JerryPC\AppData\Local\Programs\Python\Python314\Lib\http\client.py", line 1499, in connect
    self.sock = self._context.wrap_socket(self.sock,
                ~~~~~~~~~~~~~~~~~~~~~~~~~^^^^^^^^^^^
                                          server_hostname=server_hostname)
                                          ^^^^^^^^^^^^^^^^^^^^^^^^^^^^^^^^
  File "C:\Users\JerryPC\AppData\Local\Programs\Python\Python314\Lib\ssl.py", line 455, in wrap_socket
    return self.sslsocket_class._create(
           ~~~~~~~~~~~~~~~~~~~~~~~~~~~~^
        sock=sock,
        ^^^^^^^^^^
    ...<5 lines>...
        session=session
        ^^^^^^^^^^^^^^^
    )
    ^
  File "C:\Users\JerryPC\AppData\Local\Programs\Python\Python314\Lib\ssl.py", line 1076, in _create
    self.do_handshake()
    ~~~~~~~~~~~~~~~~~^^
  File "C:\Users\JerryPC\AppData\Local\Programs\Python\Python314\Lib\ssl.py", line 1372, in do_handshake
    self._sslobj.do_handshake()
    ~~~~~~~~~~~~~~~~~~~~~~~~~^^
ssl.SSLCertVerificationError: [SSL: CERTIFICATE_VERIFY_FAILED] certificate verify failed: Missing Subject Key Identifier (_ssl.c:1081)

During handling of the above exception, another exception occurred:

Traceback (most recent call last):
  File "C:\Users\JerryPC\Desktop\childcare\scripts\update_dashboard.py", line 181, in <module>
    raise SystemExit(main())
                     ~~~~^^
  File "C:\Users\JerryPC\Desktop\childcare\scripts\update_dashboard.py", line 123, in main
    standby_payload = fetch_json(API_STANDBY)
  File "C:\Users\JerryPC\Desktop\childcare\scripts\update_dashboard.py", line 90, in fetch_json
    with urllib.request.urlopen(req, timeout=30) as response:
         ~~~~~~~~~~~~~~~~~~~~~~^^^^^^^^^^^^^^^^^
  File "C:\Users\JerryPC\AppData\Local\Programs\Python\Python314\Lib\urllib\request.py", line 187, in urlopen
    return opener.open(url, data, timeout)
           ~~~~~~~~~~~^^^^^^^^^^^^^^^^^^^^
  File "C:\Users\JerryPC\AppData\Local\Programs\Python\Python314\Lib\urllib\request.py", line 487, in open
    response = self._open(req, data)
  File "C:\Users\JerryPC\AppData\Local\Programs\Python\Python314\Lib\urllib\request.py", line 504, in _open
    result = self._call_chain(self.handle_open, protocol, protocol +
                              '_open', req)
  File "C:\Users\JerryPC\AppData\Local\Programs\Python\Python314\Lib\urllib\request.py", line 464, in _call_chain
    result = func(*args)
  File "C:\Users\JerryPC\AppData\Local\Programs\Python\Python314\Lib\urllib\request.py", line 1369, in https_open
    return self.do_open(http.client.HTTPSConnection, req,
           ~~~~~~~~~~~~^^^^^^^^^^^^^^^^^^^^^^^^^^^^^^^^^^
                        context=self._context)
                        ^^^^^^^^^^^^^^^^^^^^^^
  File "C:\Users\JerryPC\AppData\Local\Programs\Python\Python314\Lib\urllib\request.py", line 1324, in do_open
    raise URLError(err)
urllib.error.URLError: <urlopen error [SSL: CERTIFICATE_VERIFY_FAILED] certificate verify failed: Missing Subject Key Identifier (_ssl.c:1081)>
        1 file(s) copied.
[Tue 04/21/2026 17:22:48.46] Synced index.html to "Z:\childcare\index.html" 

[Tue 04/21/2026 17:22:48.50] Finished with exit code 0 
