[Wed 04/22/2026 11:35:35.66] Starting update 
Traceback (most recent call last):
  File "C:\Users\JerryPC\Desktop\childcare\scripts\update_dashboard.py", line 16, in <module>
    from playwright.sync_api import sync_playwright
  File "C:\Users\JerryPC\AppData\Local\Programs\Python\Python314\Lib\site-packages\playwright\sync_api\__init__.py", line 25, in <module>
    import playwright.sync_api._generated
  File "C:\Users\JerryPC\AppData\Local\Programs\Python\Python314\Lib\site-packages\playwright\sync_api\_generated.py", line 42, in <module>
    from playwright._impl._assertions import (
        APIResponseAssertions as APIResponseAssertionsImpl,
    )
  File "C:\Users\JerryPC\AppData\Local\Programs\Python\Python314\Lib\site-packages\playwright\_impl\_assertions.py", line 25, in <module>
    from playwright._impl._connection import format_call_log
  File "C:\Users\JerryPC\AppData\Local\Programs\Python\Python314\Lib\site-packages\playwright\_impl\_connection.py", line 42, in <module>
    from playwright._impl._greenlets import EventGreenlet
  File "C:\Users\JerryPC\AppData\Local\Programs\Python\Python314\Lib\site-packages\playwright\_impl\_greenlets.py", line 17, in <module>
    import greenlet
  File "C:\Users\JerryPC\AppData\Local\Programs\Python\Python314\Lib\site-packages\greenlet\__init__.py", line 26, in <module>
    from ._greenlet import _C_API # pylint:disable=no-name-in-module
    ^^^^^^^^^^^^^^^^^^^^^^^^^^^^^
ImportError: DLL load failed while importing _greenlet: The specified module could not be found.
        1 file(s) copied.
[Wed 04/22/2026 11:35:36.17] Synced index.html to "Z:\childcare\index.html" 

[Wed 04/22/2026 11:35:38.49] Finished with exit code 0 
